This file contains any messages produced by compilers while
running configure, to aid debugging if configure makes a mistake.

It was created by configure, which was
generated by GNU Autoconf 2.59.  Invocation command line was

  $ ./configure --prefix=/usr/local --no-create --no-recursion

## --------- ##
## Platform. ##
## --------- ##

hostname = localhost.localdomain
uname -m = i686
uname -r = 2.6.18-8.el5
uname -s = Linux
uname -v = #1 SMP Fri Jan 26 14:15:21 EST 2007

/usr/bin/uname -p = unknown
/bin/uname -X     = unknown

/bin/arch              = i686
/usr/bin/arch -k       = unknown
/usr/convex/getsysinfo = unknown
hostinfo               = unknown
/bin/machine           = unknown
/usr/bin/oslevel       = unknown
/bin/universe          = unknown

PATH: /home/project/branch_ipv6_osprey/build/gcc-4.3.3/build_mips/staging_dir/usr/bin
PATH: /usr/kerberos/sbin
PATH: /usr/kerberos/bin
PATH: /usr/local/sbin
PATH: /usr/local/bin
PATH: /sbin
PATH: /bin
PATH: /usr/sbin
PATH: /usr/bin
PATH: /root/bin


## ----------- ##
## Core tests. ##
## ----------- ##

configure:1343: checking for a BSD-compatible install
configure:1398: result: /usr/bin/install -c
configure:1409: checking whether build environment is sane
configure:1452: result: yes
configure:1517: checking for gawk
configure:1533: found /bin/gawk
configure:1543: result: gawk
configure:1553: checking whether make sets $(MAKE)
configure:1573: result: yes
configure:1791: checking for gcc
configure:1807: found /usr/bin/gcc
configure:1817: result: gcc
configure:2061: checking for C compiler version
configure:2064: gcc --version </dev/null >&5
gcc (GCC) 4.1.1 20070105 (Red Hat 4.1.1-52)
Copyright (C) 2006 Free Software Foundation, Inc.
This is free software; see the source for copying conditions.  There is NO
warranty; not even for MERCHANTABILITY or FITNESS FOR A PARTICULAR PURPOSE.

configure:2067: $? = 0
configure:2069: gcc -v </dev/null >&5
Using built-in specs.
Target: i386-redhat-linux
Configured with: ../configure --prefix=/usr --mandir=/usr/share/man --infodir=/usr/share/info --enable-shared --enable-threads=posix --enable-checking=release --with-system-zlib --enable-__cxa_atexit --disable-libunwind-exceptions --enable-libgcj-multifile --enable-languages=c,c++,objc,obj-c++,java,fortran,ada --enable-java-awt=gtk --disable-dssi --enable-plugin --with-java-home=/usr/lib/jvm/java-1.4.2-gcj-1.4.2.0/jre --with-cpu=generic --host=i386-redhat-linux
Thread model: posix
gcc version 4.1.1 20070105 (Red Hat 4.1.1-52)
configure:2072: $? = 0
configure:2074: gcc -V </dev/null >&5
gcc: '-V' option must have argument
configure:2077: $? = 1
configure:2100: checking for C compiler default output file name
configure:2103: gcc    conftest.c  >&5
configure:2106: $? = 0
configure:2152: result: a.out
configure:2157: checking whether the C compiler works
configure:2163: ./a.out
configure:2166: $? = 0
configure:2183: result: yes
configure:2190: checking whether we are cross compiling
configure:2192: result: no
configure:2195: checking for suffix of executables
configure:2197: gcc -o conftest    conftest.c  >&5
configure:2200: $? = 0
configure:2225: result: 
configure:2231: checking for suffix of object files
configure:2252: gcc -c   conftest.c >&5
configure:2255: $? = 0
configure:2277: result: o
configure:2281: checking whether we are using the GNU C compiler
configure:2305: gcc -c   conftest.c >&5
configure:2311: $? = 0
configure:2315: test -z 
			 || test ! -s conftest.err
configure:2318: $? = 0
configure:2321: test -s conftest.o
configure:2324: $? = 0
configure:2337: result: yes
configure:2343: checking whether gcc accepts -g
configure:2364: gcc -c -g  conftest.c >&5
configure:2370: $? = 0
configure:2374: test -z 
			 || test ! -s conftest.err
configure:2377: $? = 0
configure:2380: test -s conftest.o
configure:2383: $? = 0
configure:2394: result: yes
configure:2411: checking for gcc option to accept ANSI C
configure:2481: gcc  -c -g -O2  conftest.c >&5
configure:2487: $? = 0
configure:2491: test -z 
			 || test ! -s conftest.err
configure:2494: $? = 0
configure:2497: test -s conftest.o
configure:2500: $? = 0
configure:2518: result: none needed
configure:2536: gcc -c -g -O2  conftest.c >&5
conftest.c:2: error: expected '=', ',', ';', 'asm' or '__attribute__' before 'me'
configure:2542: $? = 1
configure: failed program was:
| #ifndef __cplusplus
|   choke me
| #endif
configure:2686: checking for style of include used by make
configure:2714: result: GNU
configure:2742: checking dependency style of gcc
configure:2832: result: gcc3
configure:2853: checking for bison
configure:2869: found /usr/bin/bison
configure:2879: result: bison -y
configure:2903: checking for a BSD-compatible install
configure:2958: result: /usr/bin/install -c
configure:2974: checking for flex
configure:2990: found /usr/bin/flex
configure:3000: result: flex
configure:3013: checking for yywrap in -lfl
configure:3043: gcc -o conftest -g -O2   conftest.c -lfl   >&5
configure:3049: $? = 0
configure:3053: test -z 
			 || test ! -s conftest.err
configure:3056: $? = 0
configure:3059: test -s conftest
configure:3062: $? = 0
configure:3075: result: yes
configure:3153: checking lex output file root
configure:3164: flex conftest.l
configure:3167: $? = 0
configure:3179: result: lex.yy
configure:3184: checking whether yytext is a pointer
configure:3200: gcc -o conftest -g -O2   conftest.c  -lfl >&5
configure:3206: $? = 0
configure:3210: test -z 
			 || test ! -s conftest.err
configure:3213: $? = 0
configure:3216: test -s conftest
configure:3219: $? = 0
configure:3233: result: yes
configure:3252: checking for main in -lfl
configure:3276: gcc -o conftest -g -O2   conftest.c -lfl   >&5
configure:3282: $? = 0
configure:3286: test -z 
			 || test ! -s conftest.err
configure:3289: $? = 0
configure:3292: test -s conftest
configure:3295: $? = 0
configure:3308: result: yes
configure:3321: checking for main in -ll
configure:3345: gcc -o conftest -g -O2   conftest.c -ll  -lfl  >&5
configure:3351: $? = 0
configure:3355: test -z 
			 || test ! -s conftest.err
configure:3358: $? = 0
configure:3361: test -s conftest
configure:3364: $? = 0
configure:3377: result: yes
configure:3389: checking for main in -ly
configure:3413: gcc -o conftest -g -O2   conftest.c -ly  -ll -lfl  >&5
configure:3419: $? = 0
configure:3423: test -z 
			 || test ! -s conftest.err
configure:3426: $? = 0
configure:3429: test -s conftest
configure:3432: $? = 0
configure:3445: result: yes
configure:3463: checking how to run the C preprocessor
configure:3498: gcc -E  conftest.c
configure:3504: $? = 0
configure:3536: gcc -E  conftest.c
conftest.c:15:28: error: ac_nonexistent.h: No such file or directory
configure:3542: $? = 1
configure: failed program was:
| /* confdefs.h.  */
| 
| #define PACKAGE_NAME ""
| #define PACKAGE_TARNAME ""
| #define PACKAGE_VERSION ""
| #define PACKAGE_STRING ""
| #define PACKAGE_BUGREPORT ""
| #define PACKAGE "mcast-tools"
| #define VERSION "20050926"
| #define YYTEXT_POINTER 1
| #define HAVE_LIBFL 1
| #define HAVE_LIBL 1
| #define HAVE_LIBY 1
| /* end confdefs.h.  */
| #include <ac_nonexistent.h>
configure:3581: result: gcc -E
configure:3605: gcc -E  conftest.c
configure:3611: $? = 0
configure:3643: gcc -E  conftest.c
conftest.c:15:28: error: ac_nonexistent.h: No such file or directory
configure:3649: $? = 1
configure: failed program was:
| /* confdefs.h.  */
| 
| #define PACKAGE_NAME ""
| #define PACKAGE_TARNAME ""
| #define PACKAGE_VERSION ""
| #define PACKAGE_STRING ""
| #define PACKAGE_BUGREPORT ""
| #define PACKAGE "mcast-tools"
| #define VERSION "20050926"
| #define YYTEXT_POINTER 1
| #define HAVE_LIBFL 1
| #define HAVE_LIBL 1
| #define HAVE_LIBY 1
| /* end confdefs.h.  */
| #include <ac_nonexistent.h>
configure:3693: checking for egrep
configure:3703: result: grep -E
configure:3708: checking for ANSI C header files
configure:3733: gcc -c -g -O2  conftest.c >&5
configure:3739: $? = 0
configure:3743: test -z 
			 || test ! -s conftest.err
configure:3746: $? = 0
configure:3749: test -s conftest.o
configure:3752: $? = 0
configure:3841: gcc -o conftest -g -O2   conftest.c -ly -ll -lfl  >&5
conftest.c: In function 'main':
conftest.c:32: warning: incompatible implicit declaration of built-in function 'exit'
configure:3844: $? = 0
configure:3846: ./conftest
configure:3849: $? = 0
configure:3864: result: yes
configure:3888: checking for sys/types.h
configure:3904: gcc -c -g -O2  conftest.c >&5
configure:3910: $? = 0
configure:3914: test -z 
			 || test ! -s conftest.err
configure:3917: $? = 0
configure:3920: test -s conftest.o
configure:3923: $? = 0
configure:3934: result: yes
configure:3888: checking for sys/stat.h
configure:3904: gcc -c -g -O2  conftest.c >&5
configure:3910: $? = 0
configure:3914: test -z 
			 || test ! -s conftest.err
configure:3917: $? = 0
configure:3920: test -s conftest.o
configure:3923: $? = 0
configure:3934: result: yes
configure:3888: checking for stdlib.h
configure:3904: gcc -c -g -O2  conftest.c >&5
configure:3910: $? = 0
configure:3914: test -z 
			 || test ! -s conftest.err
configure:3917: $? = 0
configure:3920: test -s conftest.o
configure:3923: $? = 0
configure:3934: result: yes
configure:3888: checking for string.h
configure:3904: gcc -c -g -O2  conftest.c >&5
configure:3910: $? = 0
configure:3914: test -z 
			 || test ! -s conftest.err
configure:3917: $? = 0
configure:3920: test -s conftest.o
configure:3923: $? = 0
configure:3934: result: yes
configure:3888: checking for memory.h
configure:3904: gcc -c -g -O2  conftest.c >&5
configure:3910: $? = 0
configure:3914: test -z 
			 || test ! -s conftest.err
configure:3917: $? = 0
configure:3920: test -s conftest.o
configure:3923: $? = 0
configure:3934: result: yes
configure:3888: checking for strings.h
configure:3904: gcc -c -g -O2  conftest.c >&5
configure:3910: $? = 0
configure:3914: test -z 
			 || test ! -s conftest.err
configure:3917: $? = 0
configure:3920: test -s conftest.o
configure:3923: $? = 0
configure:3934: result: yes
configure:3888: checking for inttypes.h
configure:3904: gcc -c -g -O2  conftest.c >&5
configure:3910: $? = 0
configure:3914: test -z 
			 || test ! -s conftest.err
configure:3917: $? = 0
configure:3920: test -s conftest.o
configure:3923: $? = 0
configure:3934: result: yes
configure:3888: checking for stdint.h
configure:3904: gcc -c -g -O2  conftest.c >&5
configure:3910: $? = 0
configure:3914: test -z 
			 || test ! -s conftest.err
configure:3917: $? = 0
configure:3920: test -s conftest.o
configure:3923: $? = 0
configure:3934: result: yes
configure:3888: checking for unistd.h
configure:3904: gcc -c -g -O2  conftest.c >&5
configure:3910: $? = 0
configure:3914: test -z 
			 || test ! -s conftest.err
configure:3917: $? = 0
configure:3920: test -s conftest.o
configure:3923: $? = 0
configure:3934: result: yes
configure:3975: checking arpa/inet.h usability
configure:3987: gcc -c -g -O2  conftest.c >&5
configure:3993: $? = 0
configure:3997: test -z 
			 || test ! -s conftest.err
configure:4000: $? = 0
configure:4003: test -s conftest.o
configure:4006: $? = 0
configure:4016: result: yes
configure:4020: checking arpa/inet.h presence
configure:4030: gcc -E  conftest.c
configure:4036: $? = 0
configure:4056: result: yes
configure:4091: checking for arpa/inet.h
configure:4098: result: yes
configure:3975: checking fcntl.h usability
configure:3987: gcc -c -g -O2  conftest.c >&5
configure:3993: $? = 0
configure:3997: test -z 
			 || test ! -s conftest.err
configure:4000: $? = 0
configure:4003: test -s conftest.o
configure:4006: $? = 0
configure:4016: result: yes
configure:4020: checking fcntl.h presence
configure:4030: gcc -E  conftest.c
configure:4036: $? = 0
configure:4056: result: yes
configure:4091: checking for fcntl.h
configure:4098: result: yes
configure:3975: checking netdb.h usability
configure:3987: gcc -c -g -O2  conftest.c >&5
configure:3993: $? = 0
configure:3997: test -z 
			 || test ! -s conftest.err
configure:4000: $? = 0
configure:4003: test -s conftest.o
configure:4006: $? = 0
configure:4016: result: yes
configure:4020: checking netdb.h presence
configure:4030: gcc -E  conftest.c
configure:4036: $? = 0
configure:4056: result: yes
configure:4091: checking for netdb.h
configure:4098: result: yes
configure:3975: checking netinet/in.h usability
configure:3987: gcc -c -g -O2  conftest.c >&5
configure:3993: $? = 0
configure:3997: test -z 
			 || test ! -s conftest.err
configure:4000: $? = 0
configure:4003: test -s conftest.o
configure:4006: $? = 0
configure:4016: result: yes
configure:4020: checking netinet/in.h presence
configure:4030: gcc -E  conftest.c
configure:4036: $? = 0
configure:4056: result: yes
configure:4091: checking for netinet/in.h
configure:4098: result: yes
configure:3975: checking paths.h usability
configure:3987: gcc -c -g -O2  conftest.c >&5
configure:3993: $? = 0
configure:3997: test -z 
			 || test ! -s conftest.err
configure:4000: $? = 0
configure:4003: test -s conftest.o
configure:4006: $? = 0
configure:4016: result: yes
configure:4020: checking paths.h presence
configure:4030: gcc -E  conftest.c
configure:4036: $? = 0
configure:4056: result: yes
configure:4091: checking for paths.h
configure:4098: result: yes
configure:3975: checking stddef.h usability
configure:3987: gcc -c -g -O2  conftest.c >&5
configure:3993: $? = 0
configure:3997: test -z 
			 || test ! -s conftest.err
configure:4000: $? = 0
configure:4003: test -s conftest.o
configure:4006: $? = 0
configure:4016: result: yes
configure:4020: checking stddef.h presence
configure:4030: gcc -E  conftest.c
configure:4036: $? = 0
configure:4056: result: yes
configure:4091: checking for stddef.h
configure:4098: result: yes
configure:3966: checking for stdlib.h
configure:3971: result: yes
configure:3966: checking for string.h
configure:3971: result: yes
configure:3966: checking for strings.h
configure:3971: result: yes
configure:3975: checking sys/file.h usability
configure:3987: gcc -c -g -O2  conftest.c >&5
configure:3993: $? = 0
configure:3997: test -z 
			 || test ! -s conftest.err
configure:4000: $? = 0
configure:4003: test -s conftest.o
configure:4006: $? = 0
configure:4016: result: yes
configure:4020: checking sys/file.h presence
configure:4030: gcc -E  conftest.c
configure:4036: $? = 0
configure:4056: result: yes
configure:4091: checking for sys/file.h
configure:4098: result: yes
configure:3975: checking sys/ioctl.h usability
configure:3987: gcc -c -g -O2  conftest.c >&5
configure:3993: $? = 0
configure:3997: test -z 
			 || test ! -s conftest.err
configure:4000: $? = 0
configure:4003: test -s conftest.o
configure:4006: $? = 0
configure:4016: result: yes
configure:4020: checking sys/ioctl.h presence
configure:4030: gcc -E  conftest.c
configure:4036: $? = 0
configure:4056: result: yes
configure:4091: checking for sys/ioctl.h
configure:4098: result: yes
configure:3975: checking sys/param.h usability
configure:3987: gcc -c -g -O2  conftest.c >&5
configure:3993: $? = 0
configure:3997: test -z 
			 || test ! -s conftest.err
configure:4000: $? = 0
configure:4003: test -s conftest.o
configure:4006: $? = 0
configure:4016: result: yes
configure:4020: checking sys/param.h presence
configure:4030: gcc -E  conftest.c
configure:4036: $? = 0
configure:4056: result: yes
configure:4091: checking for sys/param.h
configure:4098: result: yes
configure:3975: checking sys/socket.h usability
configure:3987: gcc -c -g -O2  conftest.c >&5
configure:3993: $? = 0
configure:3997: test -z 
			 || test ! -s conftest.err
configure:4000: $? = 0
configure:4003: test -s conftest.o
configure:4006: $? = 0
configure:4016: result: yes
configure:4020: checking sys/socket.h presence
configure:4030: gcc -E  conftest.c
configure:4036: $? = 0
configure:4056: result: yes
configure:4091: checking for sys/socket.h
configure:4098: result: yes
configure:3975: checking sys/time.h usability
configure:3987: gcc -c -g -O2  conftest.c >&5
configure:3993: $? = 0
configure:3997: test -z 
			 || test ! -s conftest.err
configure:4000: $? = 0
configure:4003: test -s conftest.o
configure:4006: $? = 0
configure:4016: result: yes
configure:4020: checking sys/time.h presence
configure:4030: gcc -E  conftest.c
configure:4036: $? = 0
configure:4056: result: yes
configure:4091: checking for sys/time.h
configure:4098: result: yes
configure:3975: checking syslog.h usability
configure:3987: gcc -c -g -O2  conftest.c >&5
configure:3993: $? = 0
configure:3997: test -z 
			 || test ! -s conftest.err
configure:4000: $? = 0
configure:4003: test -s conftest.o
configure:4006: $? = 0
configure:4016: result: yes
configure:4020: checking syslog.h presence
configure:4030: gcc -E  conftest.c
configure:4036: $? = 0
configure:4056: result: yes
configure:4091: checking for syslog.h
configure:4098: result: yes
configure:3966: checking for unistd.h
configure:3971: result: yes
configure:4120: checking for sys/types.h
configure:4185: result: yes
configure:4120: checking for sys/queue.h
configure:4155: gcc -c -g -O2  conftest.c >&5
configure:4161: $? = 0
configure:4165: test -z 
			 || test ! -s conftest.err
configure:4168: $? = 0
configure:4171: test -s conftest.o
configure:4174: $? = 0
configure:4185: result: yes
configure:4120: checking for netinet/in.h
configure:4185: result: yes
configure:4120: checking for net/if.h
configure:4155: gcc -c -g -O2  conftest.c >&5
configure:4161: $? = 0
configure:4165: test -z 
			 || test ! -s conftest.err
configure:4168: $? = 0
configure:4171: test -s conftest.o
configure:4174: $? = 0
configure:4185: result: yes
configure:4120: checking for net/if_var.h
configure:4155: gcc -c -g -O2  conftest.c >&5
conftest.c:66:24: error: net/if_var.h: No such file or directory
configure:4161: $? = 1
configure: failed program was:
| /* confdefs.h.  */
| 
| #define PACKAGE_NAME ""
| #define PACKAGE_TARNAME ""
| #define PACKAGE_VERSION ""
| #define PACKAGE_STRING ""
| #define PACKAGE_BUGREPORT ""
| #define PACKAGE "mcast-tools"
| #define VERSION "20050926"
| #define YYTEXT_POINTER 1
| #define HAVE_LIBFL 1
| #define HAVE_LIBL 1
| #define HAVE_LIBY 1
| #define STDC_HEADERS 1
| #define HAVE_SYS_TYPES_H 1
| #define HAVE_SYS_STAT_H 1
| #define HAVE_STDLIB_H 1
| #define HAVE_STRING_H 1
| #define HAVE_MEMORY_H 1
| #define HAVE_STRINGS_H 1
| #define HAVE_INTTYPES_H 1
| #define HAVE_STDINT_H 1
| #define HAVE_UNISTD_H 1
| #define HAVE_ARPA_INET_H 1
| #define HAVE_FCNTL_H 1
| #define HAVE_NETDB_H 1
| #define HAVE_NETINET_IN_H 1
| #define HAVE_PATHS_H 1
| #define HAVE_STDDEF_H 1
| #define HAVE_STDLIB_H 1
| #define HAVE_STRING_H 1
| #define HAVE_STRINGS_H 1
| #define HAVE_SYS_FILE_H 1
| #define HAVE_SYS_IOCTL_H 1
| #define HAVE_SYS_PARAM_H 1
| #define HAVE_SYS_SOCKET_H 1
| #define HAVE_SYS_TIME_H 1
| #define HAVE_SYSLOG_H 1
| #define HAVE_UNISTD_H 1
| #define HAVE_SYS_TYPES_H 1
| #define HAVE_SYS_QUEUE_H 1
| #define HAVE_NETINET_IN_H 1
| #define HAVE_NET_IF_H 1
| /* end confdefs.h.  */
| 
| #ifdef HAVE_SYS_TYPES_H
| #include <sys/types.h>
| #endif
| #ifdef HAVE_SYS_QUEUE_H
| #include <sys/queue.h>
| #endif
| #ifdef HAVE_SYS_SOCKET_H
| #include <sys/socket.h>
| #endif
| #ifdef HAVE_NETINET_IN_H
| #include <netinet/in.h>
| #endif
| #ifdef HAVE_NET_IF_H
| #include <net/if.h>
| #endif
| #ifdef HAVE_NET_IF_VAR_H
| #include <net/if_var.h>
| #endif
| 
| 
| #include <net/if_var.h>
configure:4185: result: no
configure:4120: checking for netinet6/in6_var.h
configure:4155: gcc -c -g -O2  conftest.c >&5
conftest.c:66:30: error: netinet6/in6_var.h: No such file or directory
configure:4161: $? = 1
configure: failed program was:
| /* confdefs.h.  */
| 
| #define PACKAGE_NAME ""
| #define PACKAGE_TARNAME ""
| #define PACKAGE_VERSION ""
| #define PACKAGE_STRING ""
| #define PACKAGE_BUGREPORT ""
| #define PACKAGE "mcast-tools"
| #define VERSION "20050926"
| #define YYTEXT_POINTER 1
| #define HAVE_LIBFL 1
| #define HAVE_LIBL 1
| #define HAVE_LIBY 1
| #define STDC_HEADERS 1
| #define HAVE_SYS_TYPES_H 1
| #define HAVE_SYS_STAT_H 1
| #define HAVE_STDLIB_H 1
| #define HAVE_STRING_H 1
| #define HAVE_MEMORY_H 1
| #define HAVE_STRINGS_H 1
| #define HAVE_INTTYPES_H 1
| #define HAVE_STDINT_H 1
| #define HAVE_UNISTD_H 1
| #define HAVE_ARPA_INET_H 1
| #define HAVE_FCNTL_H 1
| #define HAVE_NETDB_H 1
| #define HAVE_NETINET_IN_H 1
| #define HAVE_PATHS_H 1
| #define HAVE_STDDEF_H 1
| #define HAVE_STDLIB_H 1
| #define HAVE_STRING_H 1
| #define HAVE_STRINGS_H 1
| #define HAVE_SYS_FILE_H 1
| #define HAVE_SYS_IOCTL_H 1
| #define HAVE_SYS_PARAM_H 1
| #define HAVE_SYS_SOCKET_H 1
| #define HAVE_SYS_TIME_H 1
| #define HAVE_SYSLOG_H 1
| #define HAVE_UNISTD_H 1
| #define HAVE_SYS_TYPES_H 1
| #define HAVE_SYS_QUEUE_H 1
| #define HAVE_NETINET_IN_H 1
| #define HAVE_NET_IF_H 1
| /* end confdefs.h.  */
| 
| #ifdef HAVE_SYS_TYPES_H
| #include <sys/types.h>
| #endif
| #ifdef HAVE_SYS_QUEUE_H
| #include <sys/queue.h>
| #endif
| #ifdef HAVE_SYS_SOCKET_H
| #include <sys/socket.h>
| #endif
| #ifdef HAVE_NETINET_IN_H
| #include <netinet/in.h>
| #endif
| #ifdef HAVE_NET_IF_H
| #include <net/if.h>
| #endif
| #ifdef HAVE_NET_IF_VAR_H
| #include <net/if_var.h>
| #endif
| 
| 
| #include <netinet6/in6_var.h>
configure:4185: result: no
configure:4201: checking for sys/types.h
configure:4251: result: yes
configure:4201: checking for netinet6/pim6.h
configure:4221: gcc -c -g -O2  conftest.c >&5
conftest.c:52:27: error: netinet6/pim6.h: No such file or directory
configure:4227: $? = 1
configure: failed program was:
| /* confdefs.h.  */
| 
| #define PACKAGE_NAME ""
| #define PACKAGE_TARNAME ""
| #define PACKAGE_VERSION ""
| #define PACKAGE_STRING ""
| #define PACKAGE_BUGREPORT ""
| #define PACKAGE "mcast-tools"
| #define VERSION "20050926"
| #define YYTEXT_POINTER 1
| #define HAVE_LIBFL 1
| #define HAVE_LIBL 1
| #define HAVE_LIBY 1
| #define STDC_HEADERS 1
| #define HAVE_SYS_TYPES_H 1
| #define HAVE_SYS_STAT_H 1
| #define HAVE_STDLIB_H 1
| #define HAVE_STRING_H 1
| #define HAVE_MEMORY_H 1
| #define HAVE_STRINGS_H 1
| #define HAVE_INTTYPES_H 1
| #define HAVE_STDINT_H 1
| #define HAVE_UNISTD_H 1
| #define HAVE_ARPA_INET_H 1
| #define HAVE_FCNTL_H 1
| #define HAVE_NETDB_H 1
| #define HAVE_NETINET_IN_H 1
| #define HAVE_PATHS_H 1
| #define HAVE_STDDEF_H 1
| #define HAVE_STDLIB_H 1
| #define HAVE_STRING_H 1
| #define HAVE_STRINGS_H 1
| #define HAVE_SYS_FILE_H 1
| #define HAVE_SYS_IOCTL_H 1
| #define HAVE_SYS_PARAM_H 1
| #define HAVE_SYS_SOCKET_H 1
| #define HAVE_SYS_TIME_H 1
| #define HAVE_SYSLOG_H 1
| #define HAVE_UNISTD_H 1
| #define HAVE_SYS_TYPES_H 1
| #define HAVE_SYS_QUEUE_H 1
| #define HAVE_NETINET_IN_H 1
| #define HAVE_NET_IF_H 1
| #define HAVE_SYS_TYPES_H 1
| /* end confdefs.h.  */
| 
| #ifdef HAVE_SYS_TYPES_H
| #include <sys/types.h>
| #endif
| 
| 
| #include <netinet6/pim6.h>
configure:4251: result: no
configure:4264: checking for stdbool.h that conforms to C99
configure:4317: gcc -c -g -O2  conftest.c >&5
configure:4323: $? = 0
configure:4327: test -z 
			 || test ! -s conftest.err
configure:4330: $? = 0
configure:4333: test -s conftest.o
configure:4336: $? = 0
configure:4347: result: yes
configure:4349: checking for _Bool
configure:4373: gcc -c -g -O2  conftest.c >&5
configure:4379: $? = 0
configure:4383: test -z 
			 || test ! -s conftest.err
configure:4386: $? = 0
configure:4389: test -s conftest.o
configure:4392: $? = 0
configure:4403: result: yes
configure:4422: checking for ANSI C header files
configure:4578: result: yes
configure:4588: checking for an ANSI C-conforming const
configure:4655: gcc -c -g -O2  conftest.c >&5
configure:4661: $? = 0
configure:4665: test -z 
			 || test ! -s conftest.err
configure:4668: $? = 0
configure:4671: test -s conftest.o
configure:4674: $? = 0
configure:4685: result: yes
configure:4695: checking for pid_t
configure:4719: gcc -c -g -O2  conftest.c >&5
configure:4725: $? = 0
configure:4729: test -z 
			 || test ! -s conftest.err
configure:4732: $? = 0
configure:4735: test -s conftest.o
configure:4738: $? = 0
configure:4749: result: yes
configure:4761: checking return type of signal handlers
configure:4792: gcc -c -g -O2  conftest.c >&5
configure:4798: $? = 0
configure:4802: test -z 
			 || test ! -s conftest.err
configure:4805: $? = 0
configure:4808: test -s conftest.o
configure:4811: $? = 0
configure:4822: result: void
configure:4830: checking for size_t
configure:4854: gcc -c -g -O2  conftest.c >&5
configure:4860: $? = 0
configure:4864: test -z 
			 || test ! -s conftest.err
configure:4867: $? = 0
configure:4870: test -s conftest.o
configure:4873: $? = 0
configure:4884: result: yes
configure:4896: checking whether time.h and sys/time.h may both be included
configure:4921: gcc -c -g -O2  conftest.c >&5
configure:4927: $? = 0
configure:4931: test -z 
			 || test ! -s conftest.err
configure:4934: $? = 0
configure:4937: test -s conftest.o
configure:4940: $? = 0
configure:4951: result: yes
configure:4961: checking whether struct tm is in sys/time.h or time.h
configure:4984: gcc -c -g -O2  conftest.c >&5
configure:4990: $? = 0
configure:4994: test -z 
			 || test ! -s conftest.err
configure:4997: $? = 0
configure:5000: test -s conftest.o
configure:5003: $? = 0
configure:5014: result: time.h
configure:5024: checking for ANSI C header files
configure:5180: result: yes
configure:5202: checking for fcntl.h
configure:5207: result: yes
configure:5202: checking for paths.h
configure:5207: result: yes
configure:5211: checking stdarg.h usability
configure:5223: gcc -c -g -O2  conftest.c >&5
configure:5229: $? = 0
configure:5233: test -z 
			 || test ! -s conftest.err
configure:5236: $? = 0
configure:5239: test -s conftest.o
configure:5242: $? = 0
configure:5252: result: yes
configure:5256: checking stdarg.h presence
configure:5266: gcc -E  conftest.c
configure:5272: $? = 0
configure:5292: result: yes
configure:5327: checking for stdarg.h
configure:5334: result: yes
configure:5202: checking for sys/file.h
configure:5207: result: yes
configure:5202: checking for sys/ioctl.h
configure:5207: result: yes
configure:5202: checking for sys/time.h
configure:5207: result: yes
configure:5202: checking for syslog.h
configure:5207: result: yes
configure:5202: checking for unistd.h
configure:5207: result: yes
configure:5348: checking if you have struct mld_hdr in your system
configure:5377: gcc -c -g -O2  conftest.c >&5
configure:5383: $? = 0
configure:5387: test -z 
			 || test ! -s conftest.err
configure:5390: $? = 0
configure:5393: test -s conftest.o
configure:5396: $? = 0
configure:5408: result: yes
configure:5426: checking for unistd.h
configure:5431: result: yes
configure:5435: checking vfork.h usability
configure:5447: gcc -c -g -O2  conftest.c >&5
conftest.c:96:19: error: vfork.h: No such file or directory
configure:5453: $? = 1
configure: failed program was:
| /* confdefs.h.  */
| 
| #define PACKAGE_NAME ""
| #define PACKAGE_TARNAME ""
| #define PACKAGE_VERSION ""
| #define PACKAGE_STRING ""
| #define PACKAGE_BUGREPORT ""
| #define PACKAGE "mcast-tools"
| #define VERSION "20050926"
| #define YYTEXT_POINTER 1
| #define HAVE_LIBFL 1
| #define HAVE_LIBL 1
| #define HAVE_LIBY 1
| #define STDC_HEADERS 1
| #define HAVE_SYS_TYPES_H 1
| #define HAVE_SYS_STAT_H 1
| #define HAVE_STDLIB_H 1
| #define HAVE_STRING_H 1
| #define HAVE_MEMORY_H 1
| #define HAVE_STRINGS_H 1
| #define HAVE_INTTYPES_H 1
| #define HAVE_STDINT_H 1
| #define HAVE_UNISTD_H 1
| #define HAVE_ARPA_INET_H 1
| #define HAVE_FCNTL_H 1
| #define HAVE_NETDB_H 1
| #define HAVE_NETINET_IN_H 1
| #define HAVE_PATHS_H 1
| #define HAVE_STDDEF_H 1
| #define HAVE_STDLIB_H 1
| #define HAVE_STRING_H 1
| #define HAVE_STRINGS_H 1
| #define HAVE_SYS_FILE_H 1
| #define HAVE_SYS_IOCTL_H 1
| #define HAVE_SYS_PARAM_H 1
| #define HAVE_SYS_SOCKET_H 1
| #define HAVE_SYS_TIME_H 1
| #define HAVE_SYSLOG_H 1
| #define HAVE_UNISTD_H 1
| #define HAVE_SYS_TYPES_H 1
| #define HAVE_SYS_QUEUE_H 1
| #define HAVE_NETINET_IN_H 1
| #define HAVE_NET_IF_H 1
| #define HAVE_SYS_TYPES_H 1
| #define HAVE__BOOL 1
| #define HAVE_STDBOOL_H 1
| #define STDC_HEADERS 1
| #define RETSIGTYPE void
| #define TIME_WITH_SYS_TIME 1
| #define STDC_HEADERS 1
| #define HAVE_FCNTL_H 1
| #define HAVE_PATHS_H 1
| #define HAVE_STDARG_H 1
| #define HAVE_SYS_FILE_H 1
| #define HAVE_SYS_IOCTL_H 1
| #define HAVE_SYS_TIME_H 1
| #define HAVE_SYSLOG_H 1
| #define HAVE_UNISTD_H 1
| #define HAVE_MLD_HDR 1
| #define HAVE_UNISTD_H 1
| /* end confdefs.h.  */
| #include <stdio.h>
| #if HAVE_SYS_TYPES_H
| # include <sys/types.h>
| #endif
| #if HAVE_SYS_STAT_H
| # include <sys/stat.h>
| #endif
| #if STDC_HEADERS
| # include <stdlib.h>
| # include <stddef.h>
| #else
| # if HAVE_STDLIB_H
| #  include <stdlib.h>
| # endif
| #endif
| #if HAVE_STRING_H
| # if !STDC_HEADERS && HAVE_MEMORY_H
| #  include <memory.h>
| # endif
| # include <string.h>
| #endif
| #if HAVE_STRINGS_H
| # include <strings.h>
| #endif
| #if HAVE_INTTYPES_H
| # include <inttypes.h>
| #else
| # if HAVE_STDINT_H
| #  include <stdint.h>
| # endif
| #endif
| #if HAVE_UNISTD_H
| # include <unistd.h>
| #endif
| #include <vfork.h>
configure:5476: result: no
configure:5480: checking vfork.h presence
configure:5490: gcc -E  conftest.c
conftest.c:62:19: error: vfork.h: No such file or directory
configure:5496: $? = 1
configure: failed program was:
| /* confdefs.h.  */
| 
| #define PACKAGE_NAME ""
| #define PACKAGE_TARNAME ""
| #define PACKAGE_VERSION ""
| #define PACKAGE_STRING ""
| #define PACKAGE_BUGREPORT ""
| #define PACKAGE "mcast-tools"
| #define VERSION "20050926"
| #define YYTEXT_POINTER 1
| #define HAVE_LIBFL 1
| #define HAVE_LIBL 1
| #define HAVE_LIBY 1
| #define STDC_HEADERS 1
| #define HAVE_SYS_TYPES_H 1
| #define HAVE_SYS_STAT_H 1
| #define HAVE_STDLIB_H 1
| #define HAVE_STRING_H 1
| #define HAVE_MEMORY_H 1
| #define HAVE_STRINGS_H 1
| #define HAVE_INTTYPES_H 1
| #define HAVE_STDINT_H 1
| #define HAVE_UNISTD_H 1
| #define HAVE_ARPA_INET_H 1
| #define HAVE_FCNTL_H 1
| #define HAVE_NETDB_H 1
| #define HAVE_NETINET_IN_H 1
| #define HAVE_PATHS_H 1
| #define HAVE_STDDEF_H 1
| #define HAVE_STDLIB_H 1
| #define HAVE_STRING_H 1
| #define HAVE_STRINGS_H 1
| #define HAVE_SYS_FILE_H 1
| #define HAVE_SYS_IOCTL_H 1
| #define HAVE_SYS_PARAM_H 1
| #define HAVE_SYS_SOCKET_H 1
| #define HAVE_SYS_TIME_H 1
| #define HAVE_SYSLOG_H 1
| #define HAVE_UNISTD_H 1
| #define HAVE_SYS_TYPES_H 1
| #define HAVE_SYS_QUEUE_H 1
| #define HAVE_NETINET_IN_H 1
| #define HAVE_NET_IF_H 1
| #define HAVE_SYS_TYPES_H 1
| #define HAVE__BOOL 1
| #define HAVE_STDBOOL_H 1
| #define STDC_HEADERS 1
| #define RETSIGTYPE void
| #define TIME_WITH_SYS_TIME 1
| #define STDC_HEADERS 1
| #define HAVE_FCNTL_H 1
| #define HAVE_PATHS_H 1
| #define HAVE_STDARG_H 1
| #define HAVE_SYS_FILE_H 1
| #define HAVE_SYS_IOCTL_H 1
| #define HAVE_SYS_TIME_H 1
| #define HAVE_SYSLOG_H 1
| #define HAVE_UNISTD_H 1
| #define HAVE_MLD_HDR 1
| #define HAVE_UNISTD_H 1
| /* end confdefs.h.  */
| #include <vfork.h>
configure:5516: result: no
configure:5551: checking for vfork.h
configure:5558: result: no
configure:5576: checking for fork
configure:5633: gcc -o conftest -g -O2   conftest.c -ly -ll -lfl  >&5
conftest.c:86: warning: conflicting types for built-in function 'fork'
configure:5639: $? = 0
configure:5643: test -z 
			 || test ! -s conftest.err
configure:5646: $? = 0
configure:5649: test -s conftest
configure:5652: $? = 0
configure:5664: result: yes
configure:5576: checking for vfork
configure:5633: gcc -o conftest -g -O2   conftest.c -ly -ll -lfl  >&5
configure:5639: $? = 0
configure:5643: test -z 
			 || test ! -s conftest.err
configure:5646: $? = 0
configure:5649: test -s conftest
configure:5652: $? = 0
configure:5664: result: yes
configure:5675: checking for working fork
configure:5698: gcc -o conftest -g -O2   conftest.c -ly -ll -lfl  >&5
conftest.c: In function 'main':
conftest.c:10: warning: incompatible implicit declaration of built-in function 'exit'
configure:5701: $? = 0
configure:5703: ./conftest
configure:5706: $? = 0
configure:5720: result: yes
configure:5741: checking for working vfork
configure:5874: result: yes
configure:5906: checking whether gcc needs -traditional
configure:5948: result: no
configure:5960: checking for stdlib.h
configure:5965: result: yes
configure:6105: checking for GNU libc compatible malloc
configure:6134: gcc -o conftest -g -O2   conftest.c -ly -ll -lfl  >&5
configure:6137: $? = 0
configure:6139: ./conftest
configure:6142: $? = 0
configure:6156: result: yes
configure:6186: checking for working memcmp
configure:6234: gcc -o conftest -g -O2   conftest.c -ly -ll -lfl  >&5
configure:6237: $? = 0
configure:6239: ./conftest
configure:6242: $? = 0
configure:6256: result: yes
configure:6272: checking for stdlib.h
configure:6277: result: yes
configure:6417: checking for GNU libc compatible realloc
configure:6446: gcc -o conftest -g -O2   conftest.c -ly -ll -lfl  >&5
configure:6449: $? = 0
configure:6451: ./conftest
configure:6454: $? = 0
configure:6468: result: yes
configure:6513: checking sys/select.h usability
configure:6525: gcc -c -g -O2  conftest.c >&5
configure:6531: $? = 0
configure:6535: test -z 
			 || test ! -s conftest.err
configure:6538: $? = 0
configure:6541: test -s conftest.o
configure:6544: $? = 0
configure:6554: result: yes
configure:6558: checking sys/select.h presence
configure:6568: gcc -E  conftest.c
configure:6574: $? = 0
configure:6594: result: yes
configure:6629: checking for sys/select.h
configure:6636: result: yes
configure:6504: checking for sys/socket.h
configure:6509: result: yes
configure:6649: checking types of arguments for select
configure:6682: gcc -c -g -O2  conftest.c >&5
configure:6688: $? = 0
configure:6692: test -z 
			 || test ! -s conftest.err
configure:6695: $? = 0
configure:6698: test -s conftest.o
configure:6701: $? = 0
configure:6717: result: int,fd_set *,struct timeval *
configure:6740: checking whether setpgrp takes no argument
configure:6772: gcc -o conftest -g -O2   conftest.c -ly -ll -lfl  >&5
conftest.c: In function 'main':
conftest.c:85: warning: incompatible implicit declaration of built-in function 'exit'
conftest.c:85: error: too many arguments to function 'setpgrp'
configure:6775: $? = 1
configure: program exited with status 1
configure: failed program was:
| /* confdefs.h.  */
| 
| #define PACKAGE_NAME ""
| #define PACKAGE_TARNAME ""
| #define PACKAGE_VERSION ""
| #define PACKAGE_STRING ""
| #define PACKAGE_BUGREPORT ""
| #define PACKAGE "mcast-tools"
| #define VERSION "20050926"
| #define YYTEXT_POINTER 1
| #define HAVE_LIBFL 1
| #define HAVE_LIBL 1
| #define HAVE_LIBY 1
| #define STDC_HEADERS 1
| #define HAVE_SYS_TYPES_H 1
| #define HAVE_SYS_STAT_H 1
| #define HAVE_STDLIB_H 1
| #define HAVE_STRING_H 1
| #define HAVE_MEMORY_H 1
| #define HAVE_STRINGS_H 1
| #define HAVE_INTTYPES_H 1
| #define HAVE_STDINT_H 1
| #define HAVE_UNISTD_H 1
| #define HAVE_ARPA_INET_H 1
| #define HAVE_FCNTL_H 1
| #define HAVE_NETDB_H 1
| #define HAVE_NETINET_IN_H 1
| #define HAVE_PATHS_H 1
| #define HAVE_STDDEF_H 1
| #define HAVE_STDLIB_H 1
| #define HAVE_STRING_H 1
| #define HAVE_STRINGS_H 1
| #define HAVE_SYS_FILE_H 1
| #define HAVE_SYS_IOCTL_H 1
| #define HAVE_SYS_PARAM_H 1
| #define HAVE_SYS_SOCKET_H 1
| #define HAVE_SYS_TIME_H 1
| #define HAVE_SYSLOG_H 1
| #define HAVE_UNISTD_H 1
| #define HAVE_SYS_TYPES_H 1
| #define HAVE_SYS_QUEUE_H 1
| #define HAVE_NETINET_IN_H 1
| #define HAVE_NET_IF_H 1
| #define HAVE_SYS_TYPES_H 1
| #define HAVE__BOOL 1
| #define HAVE_STDBOOL_H 1
| #define STDC_HEADERS 1
| #define RETSIGTYPE void
| #define TIME_WITH_SYS_TIME 1
| #define STDC_HEADERS 1
| #define HAVE_FCNTL_H 1
| #define HAVE_PATHS_H 1
| #define HAVE_STDARG_H 1
| #define HAVE_SYS_FILE_H 1
| #define HAVE_SYS_IOCTL_H 1
| #define HAVE_SYS_TIME_H 1
| #define HAVE_SYSLOG_H 1
| #define HAVE_UNISTD_H 1
| #define HAVE_MLD_HDR 1
| #define HAVE_UNISTD_H 1
| #define HAVE_FORK 1
| #define HAVE_VFORK 1
| #define HAVE_WORKING_VFORK 1
| #define HAVE_WORKING_FORK 1
| #define HAVE_STDLIB_H 1
| #define HAVE_MALLOC 1
| #define HAVE_STDLIB_H 1
| #define HAVE_REALLOC 1
| #define HAVE_SYS_SELECT_H 1
| #define HAVE_SYS_SOCKET_H 1
| #define SELECT_TYPE_ARG1 int
| #define SELECT_TYPE_ARG234 (fd_set *)
| #define SELECT_TYPE_ARG5 (struct timeval *)
| /* end confdefs.h.  */
| #if HAVE_UNISTD_H
| # include <unistd.h>
| #endif
| 
| int
| main ()
| {
| /* If this system has a BSD-style setpgrp which takes arguments,
|   setpgrp(1, 1) will fail with ESRCH and return -1, in that case
|   exit successfully. */
|   exit (setpgrp (1,1) == -1 ? 0 : 1);
|   ;
|   return 0;
| }
configure:6794: result: yes
configure:6808: checking for vprintf
configure:6865: gcc -o conftest -g -O2   conftest.c -ly -ll -lfl  >&5
conftest.c:100: warning: conflicting types for built-in function 'vprintf'
configure:6871: $? = 0
configure:6875: test -z 
			 || test ! -s conftest.err
configure:6878: $? = 0
configure:6881: test -s conftest
configure:6884: $? = 0
configure:6896: result: yes
configure:6903: checking for _doprnt
configure:6960: gcc -o conftest -g -O2   conftest.c -ly -ll -lfl  >&5
/tmp/ccK3ADA2.o: In function `main':
/home/project/branch_ipv6_hornet/apps/ipv6_tools/mcast-tools/conftest.c:116: undefined reference to `_doprnt'
/tmp/ccK3ADA2.o:(.data+0x0): undefined reference to `_doprnt'
collect2: ld returned 1 exit status
configure:6966: $? = 1
configure: failed program was:
| /* confdefs.h.  */
| 
| #define PACKAGE_NAME ""
| #define PACKAGE_TARNAME ""
| #define PACKAGE_VERSION ""
| #define PACKAGE_STRING ""
| #define PACKAGE_BUGREPORT ""
| #define PACKAGE "mcast-tools"
| #define VERSION "20050926"
| #define YYTEXT_POINTER 1
| #define HAVE_LIBFL 1
| #define HAVE_LIBL 1
| #define HAVE_LIBY 1
| #define STDC_HEADERS 1
| #define HAVE_SYS_TYPES_H 1
| #define HAVE_SYS_STAT_H 1
| #define HAVE_STDLIB_H 1
| #define HAVE_STRING_H 1
| #define HAVE_MEMORY_H 1
| #define HAVE_STRINGS_H 1
| #define HAVE_INTTYPES_H 1
| #define HAVE_STDINT_H 1
| #define HAVE_UNISTD_H 1
| #define HAVE_ARPA_INET_H 1
| #define HAVE_FCNTL_H 1
| #define HAVE_NETDB_H 1
| #define HAVE_NETINET_IN_H 1
| #define HAVE_PATHS_H 1
| #define HAVE_STDDEF_H 1
| #define HAVE_STDLIB_H 1
| #define HAVE_STRING_H 1
| #define HAVE_STRINGS_H 1
| #define HAVE_SYS_FILE_H 1
| #define HAVE_SYS_IOCTL_H 1
| #define HAVE_SYS_PARAM_H 1
| #define HAVE_SYS_SOCKET_H 1
| #define HAVE_SYS_TIME_H 1
| #define HAVE_SYSLOG_H 1
| #define HAVE_UNISTD_H 1
| #define HAVE_SYS_TYPES_H 1
| #define HAVE_SYS_QUEUE_H 1
| #define HAVE_NETINET_IN_H 1
| #define HAVE_NET_IF_H 1
| #define HAVE_SYS_TYPES_H 1
| #define HAVE__BOOL 1
| #define HAVE_STDBOOL_H 1
| #define STDC_HEADERS 1
| #define RETSIGTYPE void
| #define TIME_WITH_SYS_TIME 1
| #define STDC_HEADERS 1
| #define HAVE_FCNTL_H 1
| #define HAVE_PATHS_H 1
| #define HAVE_STDARG_H 1
| #define HAVE_SYS_FILE_H 1
| #define HAVE_SYS_IOCTL_H 1
| #define HAVE_SYS_TIME_H 1
| #define HAVE_SYSLOG_H 1
| #define HAVE_UNISTD_H 1
| #define HAVE_MLD_HDR 1
| #define HAVE_UNISTD_H 1
| #define HAVE_FORK 1
| #define HAVE_VFORK 1
| #define HAVE_WORKING_VFORK 1
| #define HAVE_WORKING_FORK 1
| #define HAVE_STDLIB_H 1
| #define HAVE_MALLOC 1
| #define HAVE_STDLIB_H 1
| #define HAVE_REALLOC 1
| #define HAVE_SYS_SELECT_H 1
| #define HAVE_SYS_SOCKET_H 1
| #define SELECT_TYPE_ARG1 int
| #define SELECT_TYPE_ARG234 (fd_set *)
| #define SELECT_TYPE_ARG5 (struct timeval *)
| #define SETPGRP_VOID 1
| #define HAVE_VPRINTF 1
| /* end confdefs.h.  */
| /* Define _doprnt to an innocuous variant, in case <limits.h> declares _doprnt.
|    For example, HP-UX 11i <limits.h> declares gettimeofday.  */
| #define _doprnt innocuous__doprnt
| 
| /* System header to define __stub macros and hopefully few prototypes,
|     which can conflict with char _doprnt (); below.
|     Prefer <limits.h> to <assert.h> if __STDC__ is defined, since
|     <limits.h> exists even on freestanding compilers.  */
| 
| #ifdef __STDC__
| # include <limits.h>
| #else
| # include <assert.h>
| #endif
| 
| #undef _doprnt
| 
| /* Override any gcc2 internal prototype to avoid an error.  */
| #ifdef __cplusplus
| extern "C"
| {
| #endif
| /* We use char because int might match the return type of a gcc2
|    builtin and then its argument prototype would still apply.  */
| char _doprnt ();
| /* The GNU C library defines this for functions which it implements
|     to always fail with ENOSYS.  Some functions are actually named
|     something starting with __ and the normal name is an alias.  */
| #if defined (__stub__doprnt) || defined (__stub____doprnt)
| choke me
| #else
| char (*f) () = _doprnt;
| #endif
| #ifdef __cplusplus
| }
| #endif
| 
| int
| main ()
| {
| return f != _doprnt;
|   ;
|   return 0;
| }
configure:6991: result: no
configure:7021: checking for bzero
configure:7078: gcc -o conftest -g -O2   conftest.c -ly -ll -lfl  >&5
conftest.c:101: warning: conflicting types for built-in function 'bzero'
configure:7084: $? = 0
configure:7088: test -z 
			 || test ! -s conftest.err
configure:7091: $? = 0
configure:7094: test -s conftest
configure:7097: $? = 0
configure:7109: result: yes
configure:7021: checking for dup2
configure:7078: gcc -o conftest -g -O2   conftest.c -ly -ll -lfl  >&5
configure:7084: $? = 0
configure:7088: test -z 
			 || test ! -s conftest.err
configure:7091: $? = 0
configure:7094: test -s conftest
configure:7097: $? = 0
configure:7109: result: yes
configure:7021: checking for gettimeofday
configure:7078: gcc -o conftest -g -O2   conftest.c -ly -ll -lfl  >&5
configure:7084: $? = 0
configure:7088: test -z 
			 || test ! -s conftest.err
configure:7091: $? = 0
configure:7094: test -s conftest
configure:7097: $? = 0
configure:7109: result: yes
configure:7021: checking for isascii
configure:7078: gcc -o conftest -g -O2   conftest.c -ly -ll -lfl  >&5
conftest.c:104: warning: conflicting types for built-in function 'isascii'
configure:7084: $? = 0
configure:7088: test -z 
			 || test ! -s conftest.err
configure:7091: $? = 0
configure:7094: test -s conftest
configure:7097: $? = 0
configure:7109: result: yes
configure:7021: checking for memset
configure:7078: gcc -o conftest -g -O2   conftest.c -ly -ll -lfl  >&5
conftest.c:105: warning: conflicting types for built-in function 'memset'
configure:7084: $? = 0
configure:7088: test -z 
			 || test ! -s conftest.err
configure:7091: $? = 0
configure:7094: test -s conftest
configure:7097: $? = 0
configure:7109: result: yes
configure:7021: checking for select
configure:7078: gcc -o conftest -g -O2   conftest.c -ly -ll -lfl  >&5
configure:7084: $? = 0
configure:7088: test -z 
			 || test ! -s conftest.err
configure:7091: $? = 0
configure:7094: test -s conftest
configure:7097: $? = 0
configure:7109: result: yes
configure:7021: checking for socket
configure:7078: gcc -o conftest -g -O2   conftest.c -ly -ll -lfl  >&5
configure:7084: $? = 0
configure:7088: test -z 
			 || test ! -s conftest.err
configure:7091: $? = 0
configure:7094: test -s conftest
configure:7097: $? = 0
configure:7109: result: yes
configure:7021: checking for strchr
configure:7078: gcc -o conftest -g -O2   conftest.c -ly -ll -lfl  >&5
conftest.c:108: warning: conflicting types for built-in function 'strchr'
configure:7084: $? = 0
configure:7088: test -z 
			 || test ! -s conftest.err
configure:7091: $? = 0
configure:7094: test -s conftest
configure:7097: $? = 0
configure:7109: result: yes
configure:7021: checking for strdup
configure:7078: gcc -o conftest -g -O2   conftest.c -ly -ll -lfl  >&5
conftest.c:109: warning: conflicting types for built-in function 'strdup'
configure:7084: $? = 0
configure:7088: test -z 
			 || test ! -s conftest.err
configure:7091: $? = 0
configure:7094: test -s conftest
configure:7097: $? = 0
configure:7109: result: yes
configure:7021: checking for strerror
configure:7078: gcc -o conftest -g -O2   conftest.c -ly -ll -lfl  >&5
configure:7084: $? = 0
configure:7088: test -z 
			 || test ! -s conftest.err
configure:7091: $? = 0
configure:7094: test -s conftest
configure:7097: $? = 0
configure:7109: result: yes
configure:7021: checking for strrchr
configure:7078: gcc -o conftest -g -O2   conftest.c -ly -ll -lfl  >&5
conftest.c:111: warning: conflicting types for built-in function 'strrchr'
configure:7084: $? = 0
configure:7088: test -z 
			 || test ! -s conftest.err
configure:7091: $? = 0
configure:7094: test -s conftest
configure:7097: $? = 0
configure:7109: result: yes
configure:7021: checking for strlcpy
configure:7078: gcc -o conftest -g -O2   conftest.c -ly -ll -lfl  >&5
/tmp/ccMMexle.o: In function `main':
/home/project/branch_ipv6_hornet/apps/ipv6_tools/mcast-tools/conftest.c:127: undefined reference to `strlcpy'
/tmp/ccMMexle.o:(.data+0x0): undefined reference to `strlcpy'
collect2: ld returned 1 exit status
configure:7084: $? = 1
configure: failed program was:
| /* confdefs.h.  */
| 
| #define PACKAGE_NAME ""
| #define PACKAGE_TARNAME ""
| #define PACKAGE_VERSION ""
| #define PACKAGE_STRING ""
| #define PACKAGE_BUGREPORT ""
| #define PACKAGE "mcast-tools"
| #define VERSION "20050926"
| #define YYTEXT_POINTER 1
| #define HAVE_LIBFL 1
| #define HAVE_LIBL 1
| #define HAVE_LIBY 1
| #define STDC_HEADERS 1
| #define HAVE_SYS_TYPES_H 1
| #define HAVE_SYS_STAT_H 1
| #define HAVE_STDLIB_H 1
| #define HAVE_STRING_H 1
| #define HAVE_MEMORY_H 1
| #define HAVE_STRINGS_H 1
| #define HAVE_INTTYPES_H 1
| #define HAVE_STDINT_H 1
| #define HAVE_UNISTD_H 1
| #define HAVE_ARPA_INET_H 1
| #define HAVE_FCNTL_H 1
| #define HAVE_NETDB_H 1
| #define HAVE_NETINET_IN_H 1
| #define HAVE_PATHS_H 1
| #define HAVE_STDDEF_H 1
| #define HAVE_STDLIB_H 1
| #define HAVE_STRING_H 1
| #define HAVE_STRINGS_H 1
| #define HAVE_SYS_FILE_H 1
| #define HAVE_SYS_IOCTL_H 1
| #define HAVE_SYS_PARAM_H 1
| #define HAVE_SYS_SOCKET_H 1
| #define HAVE_SYS_TIME_H 1
| #define HAVE_SYSLOG_H 1
| #define HAVE_UNISTD_H 1
| #define HAVE_SYS_TYPES_H 1
| #define HAVE_SYS_QUEUE_H 1
| #define HAVE_NETINET_IN_H 1
| #define HAVE_NET_IF_H 1
| #define HAVE_SYS_TYPES_H 1
| #define HAVE__BOOL 1
| #define HAVE_STDBOOL_H 1
| #define STDC_HEADERS 1
| #define RETSIGTYPE void
| #define TIME_WITH_SYS_TIME 1
| #define STDC_HEADERS 1
| #define HAVE_FCNTL_H 1
| #define HAVE_PATHS_H 1
| #define HAVE_STDARG_H 1
| #define HAVE_SYS_FILE_H 1
| #define HAVE_SYS_IOCTL_H 1
| #define HAVE_SYS_TIME_H 1
| #define HAVE_SYSLOG_H 1
| #define HAVE_UNISTD_H 1
| #define HAVE_MLD_HDR 1
| #define HAVE_UNISTD_H 1
| #define HAVE_FORK 1
| #define HAVE_VFORK 1
| #define HAVE_WORKING_VFORK 1
| #define HAVE_WORKING_FORK 1
| #define HAVE_STDLIB_H 1
| #define HAVE_MALLOC 1
| #define HAVE_STDLIB_H 1
| #define HAVE_REALLOC 1
| #define HAVE_SYS_SELECT_H 1
| #define HAVE_SYS_SOCKET_H 1
| #define SELECT_TYPE_ARG1 int
| #define SELECT_TYPE_ARG234 (fd_set *)
| #define SELECT_TYPE_ARG5 (struct timeval *)
| #define SETPGRP_VOID 1
| #define HAVE_VPRINTF 1
| #define HAVE_BZERO 1
| #define HAVE_DUP2 1
| #define HAVE_GETTIMEOFDAY 1
| #define HAVE_ISASCII 1
| #define HAVE_MEMSET 1
| #define HAVE_SELECT 1
| #define HAVE_SOCKET 1
| #define HAVE_STRCHR 1
| #define HAVE_STRDUP 1
| #define HAVE_STRERROR 1
| #define HAVE_STRRCHR 1
| /* end confdefs.h.  */
| /* Define strlcpy to an innocuous variant, in case <limits.h> declares strlcpy.
|    For example, HP-UX 11i <limits.h> declares gettimeofday.  */
| #define strlcpy innocuous_strlcpy
| 
| /* System header to define __stub macros and hopefully few prototypes,
|     which can conflict with char strlcpy (); below.
|     Prefer <limits.h> to <assert.h> if __STDC__ is defined, since
|     <limits.h> exists even on freestanding compilers.  */
| 
| #ifdef __STDC__
| # include <limits.h>
| #else
| # include <assert.h>
| #endif
| 
| #undef strlcpy
| 
| /* Override any gcc2 internal prototype to avoid an error.  */
| #ifdef __cplusplus
| extern "C"
| {
| #endif
| /* We use char because int might match the return type of a gcc2
|    builtin and then its argument prototype would still apply.  */
| char strlcpy ();
| /* The GNU C library defines this for functions which it implements
|     to always fail with ENOSYS.  Some functions are actually named
|     something starting with __ and the normal name is an alias.  */
| #if defined (__stub_strlcpy) || defined (__stub___strlcpy)
| choke me
| #else
| char (*f) () = strlcpy;
| #endif
| #ifdef __cplusplus
| }
| #endif
| 
| int
| main ()
| {
| return f != strlcpy;
|   ;
|   return 0;
| }
configure:7109: result: no
configure:7021: checking for strncpy
configure:7078: gcc -o conftest -g -O2   conftest.c -ly -ll -lfl  >&5
conftest.c:112: warning: conflicting types for built-in function 'strncpy'
configure:7084: $? = 0
configure:7088: test -z 
			 || test ! -s conftest.err
configure:7091: $? = 0
configure:7094: test -s conftest
configure:7097: $? = 0
configure:7109: result: yes
configure:7120: checking if you have a length field in struct sockaddr*
configure:7147: gcc -c -g -O2  conftest.c >&5
conftest.c: In function 'main':
conftest.c:98: error: 'struct sockaddr' has no member named 'sa_len'
configure:7153: $? = 1
configure: failed program was:
| /* confdefs.h.  */
| 
| #define PACKAGE_NAME ""
| #define PACKAGE_TARNAME ""
| #define PACKAGE_VERSION ""
| #define PACKAGE_STRING ""
| #define PACKAGE_BUGREPORT ""
| #define PACKAGE "mcast-tools"
| #define VERSION "20050926"
| #define YYTEXT_POINTER 1
| #define HAVE_LIBFL 1
| #define HAVE_LIBL 1
| #define HAVE_LIBY 1
| #define STDC_HEADERS 1
| #define HAVE_SYS_TYPES_H 1
| #define HAVE_SYS_STAT_H 1
| #define HAVE_STDLIB_H 1
| #define HAVE_STRING_H 1
| #define HAVE_MEMORY_H 1
| #define HAVE_STRINGS_H 1
| #define HAVE_INTTYPES_H 1
| #define HAVE_STDINT_H 1
| #define HAVE_UNISTD_H 1
| #define HAVE_ARPA_INET_H 1
| #define HAVE_FCNTL_H 1
| #define HAVE_NETDB_H 1
| #define HAVE_NETINET_IN_H 1
| #define HAVE_PATHS_H 1
| #define HAVE_STDDEF_H 1
| #define HAVE_STDLIB_H 1
| #define HAVE_STRING_H 1
| #define HAVE_STRINGS_H 1
| #define HAVE_SYS_FILE_H 1
| #define HAVE_SYS_IOCTL_H 1
| #define HAVE_SYS_PARAM_H 1
| #define HAVE_SYS_SOCKET_H 1
| #define HAVE_SYS_TIME_H 1
| #define HAVE_SYSLOG_H 1
| #define HAVE_UNISTD_H 1
| #define HAVE_SYS_TYPES_H 1
| #define HAVE_SYS_QUEUE_H 1
| #define HAVE_NETINET_IN_H 1
| #define HAVE_NET_IF_H 1
| #define HAVE_SYS_TYPES_H 1
| #define HAVE__BOOL 1
| #define HAVE_STDBOOL_H 1
| #define STDC_HEADERS 1
| #define RETSIGTYPE void
| #define TIME_WITH_SYS_TIME 1
| #define STDC_HEADERS 1
| #define HAVE_FCNTL_H 1
| #define HAVE_PATHS_H 1
| #define HAVE_STDARG_H 1
| #define HAVE_SYS_FILE_H 1
| #define HAVE_SYS_IOCTL_H 1
| #define HAVE_SYS_TIME_H 1
| #define HAVE_SYSLOG_H 1
| #define HAVE_UNISTD_H 1
| #define HAVE_MLD_HDR 1
| #define HAVE_UNISTD_H 1
| #define HAVE_FORK 1
| #define HAVE_VFORK 1
| #define HAVE_WORKING_VFORK 1
| #define HAVE_WORKING_FORK 1
| #define HAVE_STDLIB_H 1
| #define HAVE_MALLOC 1
| #define HAVE_STDLIB_H 1
| #define HAVE_REALLOC 1
| #define HAVE_SYS_SELECT_H 1
| #define HAVE_SYS_SOCKET_H 1
| #define SELECT_TYPE_ARG1 int
| #define SELECT_TYPE_ARG234 (fd_set *)
| #define SELECT_TYPE_ARG5 (struct timeval *)
| #define SETPGRP_VOID 1
| #define HAVE_VPRINTF 1
| #define HAVE_BZERO 1
| #define HAVE_DUP2 1
| #define HAVE_GETTIMEOFDAY 1
| #define HAVE_ISASCII 1
| #define HAVE_MEMSET 1
| #define HAVE_SELECT 1
| #define HAVE_SOCKET 1
| #define HAVE_STRCHR 1
| #define HAVE_STRDUP 1
| #define HAVE_STRERROR 1
| #define HAVE_STRRCHR 1
| #define HAVE_STRNCPY 1
| /* end confdefs.h.  */
| 
|  #include <sys/types.h>
|  #include <sys/socket.h>
| 
| int
| main ()
| {
| 
|  struct sockaddr a;
|  a.sa_len = 1;
| 
|   ;
|   return 0;
| }
configure:7178: result: no
configure:7188: checking if you enabled router-side mldv2
configure:7204: result: yes
configure:7207: checking if you enabled host-side mldv2
configure:7223: result: no
configure:7226: checking userland-kernel interface for routing information
configure:7256: gcc -o conftest -g -O2   conftest.c -ly -ll -lfl  >&5
conftest.c: In function 'main':
conftest.c:100: warning: incompatible implicit declaration of built-in function 'exit'
configure:7259: $? = 0
configure:7261: ./conftest
configure:7264: $? = 0
configure:7271: result: routing socket
configure:7291: checking for inet6_opt_init in -lc
configure:7321: gcc -o conftest -g -O2   conftest.c -lc  -ly -ll -lfl  >&5
configure:7327: $? = 0
configure:7331: test -z 
			 || test ! -s conftest.err
configure:7334: $? = 0
configure:7337: test -s conftest
configure:7340: $? = 0
configure:7353: result: yes
configure:7474: creating ./config.status

## ---------------- ##
## Cache variables. ##
## ---------------- ##

ac_cv_c_compiler_gnu=yes
ac_cv_c_const=yes
ac_cv_env_CC_set=
ac_cv_env_CC_value=
ac_cv_env_CFLAGS_set=
ac_cv_env_CFLAGS_value=
ac_cv_env_CPPFLAGS_set=
ac_cv_env_CPPFLAGS_value=
ac_cv_env_CPP_set=
ac_cv_env_CPP_value=
ac_cv_env_LDFLAGS_set=
ac_cv_env_LDFLAGS_value=
ac_cv_env_build_alias_set=
ac_cv_env_build_alias_value=
ac_cv_env_host_alias_set=
ac_cv_env_host_alias_value=
ac_cv_env_target_alias_set=
ac_cv_env_target_alias_value=
ac_cv_exeext=
ac_cv_func__doprnt=no
ac_cv_func_bzero=yes
ac_cv_func_dup2=yes
ac_cv_func_fork=yes
ac_cv_func_fork_works=yes
ac_cv_func_gettimeofday=yes
ac_cv_func_isascii=yes
ac_cv_func_malloc_0_nonnull=yes
ac_cv_func_memcmp_working=yes
ac_cv_func_memset=yes
ac_cv_func_realloc_0_nonnull=yes
ac_cv_func_select=yes
ac_cv_func_select_args='int,fd_set *,struct timeval *'
ac_cv_func_setpgrp_void=yes
ac_cv_func_socket=yes
ac_cv_func_strchr=yes
ac_cv_func_strdup=yes
ac_cv_func_strerror=yes
ac_cv_func_strlcpy=no
ac_cv_func_strncpy=yes
ac_cv_func_strrchr=yes
ac_cv_func_vfork=yes
ac_cv_func_vfork_works=yes
ac_cv_func_vprintf=yes
ac_cv_header_arpa_inet_h=yes
ac_cv_header_fcntl_h=yes
ac_cv_header_inttypes_h=yes
ac_cv_header_memory_h=yes
ac_cv_header_net_if_h=yes
ac_cv_header_net_if_var_h=no
ac_cv_header_netdb_h=yes
ac_cv_header_netinet6_in6_var_h=no
ac_cv_header_netinet6_pim6_h=no
ac_cv_header_netinet_in_h=yes
ac_cv_header_paths_h=yes
ac_cv_header_stdarg_h=yes
ac_cv_header_stdbool_h=yes
ac_cv_header_stdc=yes
ac_cv_header_stddef_h=yes
ac_cv_header_stdint_h=yes
ac_cv_header_stdlib_h=yes
ac_cv_header_string_h=yes
ac_cv_header_strings_h=yes
ac_cv_header_sys_file_h=yes
ac_cv_header_sys_ioctl_h=yes
ac_cv_header_sys_param_h=yes
ac_cv_header_sys_queue_h=yes
ac_cv_header_sys_select_h=yes
ac_cv_header_sys_socket_h=yes
ac_cv_header_sys_stat_h=yes
ac_cv_header_sys_time_h=yes
ac_cv_header_sys_types_h=yes
ac_cv_header_syslog_h=yes
ac_cv_header_time=yes
ac_cv_header_unistd_h=yes
ac_cv_header_vfork_h=no
ac_cv_lib_c_inet6_opt_init=yes
ac_cv_lib_fl_main=yes
ac_cv_lib_fl_yywrap=yes
ac_cv_lib_l_main=yes
ac_cv_lib_y_main=yes
ac_cv_objext=o
ac_cv_path_install='/usr/bin/install -c'
ac_cv_prog_AWK=gawk
ac_cv_prog_CPP='gcc -E'
ac_cv_prog_LEX=flex
ac_cv_prog_YACC='bison -y'
ac_cv_prog_ac_ct_CC=gcc
ac_cv_prog_cc_g=yes
ac_cv_prog_cc_stdc=
ac_cv_prog_egrep='grep -E'
ac_cv_prog_gcc_traditional=no
ac_cv_prog_lex_root=lex.yy
ac_cv_prog_lex_yytext_pointer=yes
ac_cv_prog_make_make_set=yes
ac_cv_struct_tm=time.h
ac_cv_type__Bool=yes
ac_cv_type_pid_t=yes
ac_cv_type_signal=void
ac_cv_type_size_t=yes
am_cv_CC_dependencies_compiler_type=gcc3
ts_cv_have_mld_hdr=yes
ts_cv_sa_len=no

## ----------------- ##
## Output variables. ##
## ----------------- ##

ACLOCAL='${SHELL} /home/project/branch_ipv6_hornet/apps/ipv6_tools/mcast-tools/missing --run aclocal-1.9'
AMDEPBACKSLASH='\'
AMDEP_FALSE='#'
AMDEP_TRUE=''
AMTAR='${SHELL} /home/project/branch_ipv6_hornet/apps/ipv6_tools/mcast-tools/missing --run tar'
AUTOCONF='${SHELL} /home/project/branch_ipv6_hornet/apps/ipv6_tools/mcast-tools/missing --run autoconf'
AUTOHEADER='${SHELL} /home/project/branch_ipv6_hornet/apps/ipv6_tools/mcast-tools/missing --run autoheader'
AUTOMAKE='${SHELL} /home/project/branch_ipv6_hornet/apps/ipv6_tools/mcast-tools/missing --run automake-1.9'
AWK='gawk'
CC='gcc'
CCDEPMODE='depmode=gcc3'
CFLAGS='-g -O2'
CPP='gcc -E'
CPPFLAGS=''
CYGPATH_W='echo'
DEFS='-DHAVE_CONFIG_H'
DEPDIR='.deps'
ECHO_C=''
ECHO_N='-n'
ECHO_T=''
EGREP='grep -E'
EXEEXT=''
INSTALL_DATA='${INSTALL} -m 644'
INSTALL_PROGRAM='${INSTALL}'
INSTALL_SCRIPT='${INSTALL}'
INSTALL_STRIP_PROGRAM='${SHELL} $(install_sh) -c -s'
LDFLAGS=''
LEX='flex'
LEXLIB='-lfl'
LEX_OUTPUT_ROOT='lex.yy'
LIBOBJS=''
LIBS='-ly -ll -lfl '
LTLIBOBJS=''
MAKEINFO='${SHELL} /home/project/branch_ipv6_hornet/apps/ipv6_tools/mcast-tools/missing --run makeinfo'
OBJEXT='o'
PACKAGE='mcast-tools'
PACKAGE_BUGREPORT=''
PACKAGE_NAME=''
PACKAGE_STRING=''
PACKAGE_TARNAME=''
PACKAGE_VERSION=''
PATH_SEPARATOR=':'
SET_MAKE=''
SHELL='/bin/sh'
STRIP=''
SUBDIRS='mcastread mcastsend mfc mtrace6 pim6dd pim6sd pmsft'
UK_METHOD='routesock.o'
VERSION='20050926'
YACC='bison -y'
ac_ct_CC='gcc'
ac_ct_STRIP=''
am__fastdepCC_FALSE='#'
am__fastdepCC_TRUE=''
am__include='include'
am__leading_dot='.'
am__quote=''
am__tar='${AMTAR} chof - "$$tardir"'
am__untar='${AMTAR} xf -'
bindir='${exec_prefix}/bin'
build_alias=''
datadir='${prefix}/share'
exec_prefix='${prefix}'
host_alias=''
includedir='${prefix}/include'
infodir='${prefix}/info'
install_sh='/home/project/branch_ipv6_hornet/apps/ipv6_tools/mcast-tools/install-sh'
libdir='${exec_prefix}/lib'
libexecdir='${exec_prefix}/libexec'
localstatedir='${prefix}/var'
mandir='${prefix}/man'
mkdir_p='mkdir -p --'
oldincludedir='/usr/include'
prefix='/usr/local'
program_transform_name='s,x,x,'
sbindir='${exec_prefix}/sbin'
sharedstatedir='${prefix}/com'
sysconfdir='${prefix}/etc'
target_alias=''

## ----------- ##
## confdefs.h. ##
## ----------- ##

#define HAVE_ARPA_INET_H 1
#define HAVE_BZERO 1
#define HAVE_DUP2 1
#define HAVE_FCNTL_H 1
#define HAVE_FCNTL_H 1
#define HAVE_FORK 1
#define HAVE_GETTIMEOFDAY 1
#define HAVE_INTTYPES_H 1
#define HAVE_ISASCII 1
#define HAVE_LIBFL 1
#define HAVE_LIBL 1
#define HAVE_LIBY 1
#define HAVE_MALLOC 1
#define HAVE_MEMORY_H 1
#define HAVE_MEMSET 1
#define HAVE_MLDV2 1
#define HAVE_MLD_HDR 1
#define HAVE_NETDB_H 1
#define HAVE_NETINET_IN_H 1
#define HAVE_NETINET_IN_H 1
#define HAVE_NET_IF_H 1
#define HAVE_PATHS_H 1
#define HAVE_PATHS_H 1
#define HAVE_REALLOC 1
#define HAVE_RFC3542 1
#define HAVE_ROUTING_SOCKETS 1
#define HAVE_SELECT 1
#define HAVE_SOCKET 1
#define HAVE_STDARG_H 1
#define HAVE_STDBOOL_H 1
#define HAVE_STDDEF_H 1
#define HAVE_STDINT_H 1
#define HAVE_STDLIB_H 1
#define HAVE_STDLIB_H 1
#define HAVE_STDLIB_H 1
#define HAVE_STDLIB_H 1
#define HAVE_STRCHR 1
#define HAVE_STRDUP 1
#define HAVE_STRERROR 1
#define HAVE_STRINGS_H 1
#define HAVE_STRINGS_H 1
#define HAVE_STRING_H 1
#define HAVE_STRING_H 1
#define HAVE_STRNCPY 1
#define HAVE_STRRCHR 1
#define HAVE_SYSLOG_H 1
#define HAVE_SYSLOG_H 1
#define HAVE_SYS_FILE_H 1
#define HAVE_SYS_FILE_H 1
#define HAVE_SYS_IOCTL_H 1
#define HAVE_SYS_IOCTL_H 1
#define HAVE_SYS_PARAM_H 1
#define HAVE_SYS_QUEUE_H 1
#define HAVE_SYS_SELECT_H 1
#define HAVE_SYS_SOCKET_H 1
#define HAVE_SYS_SOCKET_H 1
#define HAVE_SYS_STAT_H 1
#define HAVE_SYS_TIME_H 1
#define HAVE_SYS_TIME_H 1
#define HAVE_SYS_TYPES_H 1
#define HAVE_SYS_TYPES_H 1
#define HAVE_SYS_TYPES_H 1
#define HAVE_UNISTD_H 1
#define HAVE_UNISTD_H 1
#define HAVE_UNISTD_H 1
#define HAVE_UNISTD_H 1
#define HAVE_VFORK 1
#define HAVE_VPRINTF 1
#define HAVE_WORKING_FORK 1
#define HAVE_WORKING_VFORK 1
#define HAVE__BOOL 1
#define PACKAGE "mcast-tools"
#define PACKAGE_BUGREPORT ""
#define PACKAGE_NAME ""
#define PACKAGE_STRING ""
#define PACKAGE_TARNAME ""
#define PACKAGE_VERSION ""
#define RETSIGTYPE void
#define SELECT_TYPE_ARG1 int
#define SELECT_TYPE_ARG234 (fd_set *)
#define SELECT_TYPE_ARG5 (struct timeval *)
#define SETPGRP_VOID 1
#define STDC_HEADERS 1
#define STDC_HEADERS 1
#define STDC_HEADERS 1
#define TIME_WITH_SYS_TIME 1
#define VERSION "20050926"
#define YYTEXT_POINTER 1

configure: exit 0

## ---------------------- ##
## Running config.status. ##
## ---------------------- ##

This file was extended by config.status, which was
generated by GNU Autoconf 2.59.  Invocation command line was

  CONFIG_FILES    = 
  CONFIG_HEADERS  = 
  CONFIG_LINKS    = 
  CONFIG_COMMANDS = 
  $ ./config.status 

on localhost.localdomain

config.status:702: creating Makefile
config.status:702: creating mcastread/Makefile
config.status:702: creating mcastsend/Makefile
config.status:702: creating mfc/Makefile
config.status:702: creating mtrace6/Makefile
config.status:702: creating pim6dd/Makefile
config.status:702: creating pim6sd/Makefile
config.status:702: creating pmsft/Makefile
config.status:806: creating include/config.h
config.status:1090: include/config.h is unchanged
config.status:1270: executing depfiles commands
