This file contains any messages produced by compilers while
running configure, to aid debugging if configure makes a mistake.

It was created by libnl configure 1.1, which was
generated by GNU Autoconf 2.61.  Invocation command line was

  $ ./configure --prefix=/home/project/branch_ipv6_osprey/build/../apps/ipv6_tools/install_libnl-1.1_mips --build=i686-linux --host=mips-linux CC=mips-linux-uclibc-gcc AR=mips-linux-uclibc-ar

## --------- ##
## Platform. ##
## --------- ##

hostname = localhost.localdomain
uname -m = i686
uname -r = 2.6.18-8.el5
uname -s = Linux
uname -v = #1 SMP Fri Jan 26 14:15:21 EST 2007

/usr/bin/uname -p = unknown
/bin/uname -X     = unknown

/bin/arch              = i686
/usr/bin/arch -k       = unknown
/usr/convex/getsysinfo = unknown
/usr/bin/hostinfo      = unknown
/bin/machine           = unknown
/usr/bin/oslevel       = unknown
/bin/universe          = unknown

PATH: /home/project/branch_ipv6_osprey/build/../build/util
PATH: /home/project/branch_ipv6_osprey/build/../build/gcc-4.3.3/build_mips/staging_dir/usr//bin
PATH: /home/project/branch_ipv6_osprey/build/../linux
PATH: /home/project/branch_ipv6_osprey/build/../build
PATH: /home/project/branch_ipv6_osprey/build/../pb92/boot/u-boot/ecos/tools/bin
PATH: `pwd`
PATH: /usr/kerberos/sbin
PATH: /usr/kerberos/bin
PATH: /usr/local/sbin
PATH: /usr/local/bin
PATH: /sbin
PATH: /bin
PATH: /usr/sbin
PATH: /usr/bin
PATH: /root/bin


## ----------- ##
## Core tests. ##
## ----------- ##

configure:1667: checking for mips-linux-gcc
configure:1694: result: mips-linux-uclibc-gcc
configure:1972: checking for C compiler version
configure:1979: mips-linux-uclibc-gcc --version >&5
mips-linux-uclibc-gcc (GCC) 4.3.3
Copyright (C) 2008 Free Software Foundation, Inc.
This is free software; see the source for copying conditions.  There is NO
warranty; not even for MERCHANTABILITY or FITNESS FOR A PARTICULAR PURPOSE.

configure:1982: $? = 0
configure:1989: mips-linux-uclibc-gcc -v >&5
Using built-in specs.
Target: mips-linux-uclibc
Configured with: /opt/home/zhongjin/workspace/sag/build/gcc-4.3.3/toolchain_build_mips/gcc-4.3.3/configure --prefix=/usr --build=i386-pc-linux-gnu --host=i386-pc-linux-gnu --target=mips-linux-uclibc --enable-languages=c --with-sysroot=/opt/home/zhongjin/workspace/sag/build/gcc-4.3.3/build_mips/staging_dir --with-build-time-tools=/opt/home/zhongjin/workspace/sag/build/gcc-4.3.3/build_mips/staging_dir/usr/mips-linux-uclibc/bin --disable-__cxa_atexit --enable-target-optspace --with-gnu-ld --disable-libssp --disable-tls --enable-shared --with-gmp=/opt/home/zhongjin/workspace/sag/build/gcc-4.3.3/toolchain_build_mips/gmp --with-mpfr=/opt/home/zhongjin/workspace/sag/build/gcc-4.3.3/toolchain_build_mips/mpfr --disable-nls --enable-threads --disable-multilib --disable-decimal-float --with-float=soft --with-abi=32 --with-tune=mips32r2
Thread model: posix
gcc version 4.3.3 (GCC) 
configure:1992: $? = 0
configure:1999: mips-linux-uclibc-gcc -V >&5
mips-linux-uclibc-gcc: '-V' option must have argument
configure:2002: $? = 1
configure:2025: checking for C compiler default output file name
configure:2052: mips-linux-uclibc-gcc    conftest.c  >&5
configure:2055: $? = 0
configure:2093: result: a.out
configure:2110: checking whether the C compiler works
configure:2140: result: yes
configure:2147: checking whether we are cross compiling
configure:2149: result: yes
configure:2152: checking for suffix of executables
configure:2159: mips-linux-uclibc-gcc -o conftest    conftest.c  >&5
configure:2162: $? = 0
configure:2186: result: 
configure:2192: checking for suffix of object files

## ---------------- ##
## Cache variables. ##
## ---------------- ##

ac_cv_env_CC_set=set
ac_cv_env_CC_value=mips-linux-uclibc-gcc
ac_cv_env_CFLAGS_set=
ac_cv_env_CFLAGS_value=
ac_cv_env_CPPFLAGS_set=
ac_cv_env_CPPFLAGS_value=
ac_cv_env_LDFLAGS_set=
ac_cv_env_LDFLAGS_value=
ac_cv_env_LIBS_set=
ac_cv_env_LIBS_value=
ac_cv_env_build_alias_set=set
ac_cv_env_build_alias_value=i686-linux
ac_cv_env_host_alias_set=set
ac_cv_env_host_alias_value=mips-linux
ac_cv_env_target_alias_set=
ac_cv_env_target_alias_value=
ac_cv_prog_CC=mips-linux-uclibc-gcc

## ----------------- ##
## Output variables. ##
## ----------------- ##

CC='mips-linux-uclibc-gcc'
CFLAGS=''
CPPFLAGS=''
DEFS=''
ECHO_C=''
ECHO_N='-n'
ECHO_T=''
EXEEXT=''
INSTALL_DATA=''
INSTALL_PROGRAM=''
INSTALL_SCRIPT=''
LDFLAGS=''
LIBNL_LIB=''
LIBOBJS=''
LIBS=''
LTLIBOBJS=''
OBJEXT=''
PACKAGE_BUGREPORT='tgraf@suug.ch'
PACKAGE_NAME='libnl'
PACKAGE_STRING='libnl 1.1'
PACKAGE_TARNAME='libnl'
PACKAGE_VERSION='1.1'
PATH_SEPARATOR=':'
SHELL='/bin/sh'
ac_ct_CC=''
bindir='${exec_prefix}/bin'
build_alias='i686-linux'
datadir='${datarootdir}'
datarootdir='${prefix}/share'
docdir='${datarootdir}/doc/${PACKAGE_TARNAME}'
dvidir='${docdir}'
exec_prefix='NONE'
host_alias='mips-linux'
htmldir='${docdir}'
includedir='${prefix}/include'
infodir='${datarootdir}/info'
libdir='${exec_prefix}/lib'
libexecdir='${exec_prefix}/libexec'
localedir='${datarootdir}/locale'
localstatedir='${prefix}/var'
mandir='${datarootdir}/man'
oldincludedir='/usr/include'
pdfdir='${docdir}'
prefix='/home/project/branch_ipv6_osprey/build/../apps/ipv6_tools/install_libnl-1.1_mips'
program_transform_name='s,x,x,'
psdir='${docdir}'
sbindir='${exec_prefix}/sbin'
sharedstatedir='${prefix}/com'
sysconfdir='${prefix}/etc'
target_alias=''

## ----------- ##
## confdefs.h. ##
## ----------- ##

#define PACKAGE_NAME "libnl"
#define PACKAGE_TARNAME "libnl"
#define PACKAGE_VERSION "1.1"
#define PACKAGE_STRING "libnl 1.1"
#define PACKAGE_BUGREPORT "tgraf@suug.ch"

configure: caught signal 2
configure: exit 1
